This file contains any messages produced by compilers while
running configure, to aid debugging if configure makes a mistake.

It was created by configure, which was
generated by GNU Autoconf 2.59.  Invocation command line was

  $ ./configure 

## --------- ##
## Platform. ##
## --------- ##

hostname = infn-se-03.ct.pi2s2.it
uname -m = x86_64
uname -r = 2.6.18-308.16.1.el5xen
uname -s = Linux
uname -v = #1 SMP Wed Oct 3 01:23:43 EDT 2012

/usr/bin/uname -p = unknown
/bin/uname -X     = unknown

/bin/arch              = x86_64
/usr/bin/arch -k       = unknown
/usr/convex/getsysinfo = unknown
hostinfo               = unknown
/bin/machine           = unknown
/usr/bin/oslevel       = unknown
/bin/universe          = unknown

PATH: /usr/kerberos/sbin
PATH: /usr/kerberos/bin
PATH: /opt/edg/bin
PATH: /opt/glite/bin
PATH: /opt/lcg/bin
PATH: /usr/local/sbin
PATH: /usr/local/bin
PATH: /sbin
PATH: /bin
PATH: /usr/sbin
PATH: /usr/bin
PATH: /usr/lpp/mmfs/bin
PATH: /root/bin


## ----------- ##
## Core tests. ##
## ----------- ##

configure:1537: checking for a BSD-compatible install
configure:1592: result: /usr/bin/install -c
configure:1603: checking whether build environment is sane
configure:1646: result: yes
configure:1711: checking for gawk
configure:1727: found /bin/gawk
configure:1737: result: gawk
configure:1747: checking whether make sets $(MAKE)
configure:1767: result: yes
configure:1983: checking for gcc
configure:1999: found /usr/bin/gcc
configure:2009: result: gcc
configure:2253: checking for C compiler version
configure:2256: gcc --version </dev/null >&5
gcc (GCC) 4.1.2 20080704 (Red Hat 4.1.2-50)
Copyright (C) 2006 Free Software Foundation, Inc.
This is free software; see the source for copying conditions.  There is NO
warranty; not even for MERCHANTABILITY or FITNESS FOR A PARTICULAR PURPOSE.

configure:2259: $? = 0
configure:2261: gcc -v </dev/null >&5
Using built-in specs.
Target: x86_64-redhat-linux
Configured with: ../configure --prefix=/usr --mandir=/usr/share/man --infodir=/usr/share/info --enable-shared --enable-threads=posix --enable-checking=release --with-system-zlib --enable-__cxa_atexit --disable-libunwind-exceptions --enable-libgcj-multifile --enable-languages=c,c++,objc,obj-c++,java,fortran,ada --enable-java-awt=gtk --disable-dssi --disable-plugin --with-java-home=/usr/lib/jvm/java-1.4.2-gcj-1.4.2.0/jre --with-cpu=generic --host=x86_64-redhat-linux
Thread model: posix
gcc version 4.1.2 20080704 (Red Hat 4.1.2-50)
configure:2264: $? = 0
configure:2266: gcc -V </dev/null >&5
gcc: '-V' option must have argument
configure:2269: $? = 1
configure:2292: checking for C compiler default output file name
configure:2295: gcc    conftest.c  >&5
configure:2298: $? = 0
configure:2344: result: a.out
configure:2349: checking whether the C compiler works
configure:2355: ./a.out
configure:2358: $? = 0
configure:2375: result: yes
configure:2382: checking whether we are cross compiling
configure:2384: result: no
configure:2387: checking for suffix of executables
configure:2389: gcc -o conftest    conftest.c  >&5
configure:2392: $? = 0
configure:2417: result: 
configure:2423: checking for suffix of object files
configure:2444: gcc -c   conftest.c >&5
configure:2447: $? = 0
configure:2469: result: o
configure:2473: checking whether we are using the GNU C compiler
configure:2497: gcc -c   conftest.c >&5
configure:2503: $? = 0
configure:2507: test -z 
			 || test ! -s conftest.err
configure:2510: $? = 0
configure:2513: test -s conftest.o
configure:2516: $? = 0
configure:2529: result: yes
configure:2535: checking whether gcc accepts -g
configure:2556: gcc -c -g  conftest.c >&5
configure:2562: $? = 0
configure:2566: test -z 
			 || test ! -s conftest.err
configure:2569: $? = 0
configure:2572: test -s conftest.o
configure:2575: $? = 0
configure:2586: result: yes
configure:2603: checking for gcc option to accept ANSI C
configure:2673: gcc  -c -g -O2  conftest.c >&5
configure:2679: $? = 0
configure:2683: test -z 
			 || test ! -s conftest.err
configure:2686: $? = 0
configure:2689: test -s conftest.o
configure:2692: $? = 0
configure:2710: result: none needed
configure:2728: gcc -c -g -O2  conftest.c >&5
conftest.c:2: error: expected '=', ',', ';', 'asm' or '__attribute__' before 'me'
configure:2734: $? = 1
configure: failed program was:
| #ifndef __cplusplus
|   choke me
| #endif
configure:2878: checking for style of include used by make
configure:2906: result: GNU
configure:2934: checking dependency style of gcc
configure:3024: result: gcc3
configure:3119: checking build system type
configure:3137: result: x86_64-redhat-linux-gnu
configure:3145: checking host system type
configure:3159: result: x86_64-redhat-linux-gnu
configure:3167: checking for a sed that does not truncate output
configure:3223: result: /bin/sed
configure:3226: checking for egrep
configure:3236: result: grep -E
configure:3252: checking for ld used by gcc
configure:3319: result: /usr/bin/ld
configure:3328: checking if the linker (/usr/bin/ld) is GNU ld
configure:3343: result: yes
configure:3348: checking for /usr/bin/ld option to reload object files
configure:3355: result: -r
configure:3373: checking for BSD-compatible nm
configure:3422: result: /usr/bin/nm -B
configure:3426: checking whether ln -s works
configure:3430: result: yes
configure:3437: checking how to recognise dependent libraries
configure:3613: result: pass_all
configure:3701: gcc -c -g -O2  conftest.c >&5
configure:3704: $? = 0
configure:3850: checking how to run the C preprocessor
configure:3885: gcc -E  conftest.c
configure:3891: $? = 0
configure:3923: gcc -E  conftest.c
conftest.c:11:28: error: ac_nonexistent.h: No such file or directory
configure:3929: $? = 1
configure: failed program was:
| /* confdefs.h.  */
| 
| #define PACKAGE_NAME ""
| #define PACKAGE_TARNAME ""
| #define PACKAGE_VERSION ""
| #define PACKAGE_STRING ""
| #define PACKAGE_BUGREPORT ""
| #define PACKAGE "mod_keyauth"
| #define VERSION "1.2.1"
| /* end confdefs.h.  */
| #include <ac_nonexistent.h>
configure:3968: result: gcc -E
configure:3992: gcc -E  conftest.c
configure:3998: $? = 0
configure:4030: gcc -E  conftest.c
conftest.c:11:28: error: ac_nonexistent.h: No such file or directory
configure:4036: $? = 1
configure: failed program was:
| /* confdefs.h.  */
| 
| #define PACKAGE_NAME ""
| #define PACKAGE_TARNAME ""
| #define PACKAGE_VERSION ""
| #define PACKAGE_STRING ""
| #define PACKAGE_BUGREPORT ""
| #define PACKAGE "mod_keyauth"
| #define VERSION "1.2.1"
| /* end confdefs.h.  */
| #include <ac_nonexistent.h>
configure:4080: checking for ANSI C header files
configure:4105: gcc -c -g -O2  conftest.c >&5
configure:4111: $? = 0
configure:4115: test -z 
			 || test ! -s conftest.err
configure:4118: $? = 0
configure:4121: test -s conftest.o
configure:4124: $? = 0
configure:4213: gcc -o conftest -g -O2   conftest.c  >&5
conftest.c: In function 'main':
conftest.c:28: warning: incompatible implicit declaration of built-in function 'exit'
configure:4216: $? = 0
configure:4218: ./conftest
configure:4221: $? = 0
configure:4236: result: yes
configure:4260: checking for sys/types.h
configure:4276: gcc -c -g -O2  conftest.c >&5
configure:4282: $? = 0
configure:4286: test -z 
			 || test ! -s conftest.err
configure:4289: $? = 0
configure:4292: test -s conftest.o
configure:4295: $? = 0
configure:4306: result: yes
configure:4260: checking for sys/stat.h
configure:4276: gcc -c -g -O2  conftest.c >&5
configure:4282: $? = 0
configure:4286: test -z 
			 || test ! -s conftest.err
configure:4289: $? = 0
configure:4292: test -s conftest.o
configure:4295: $? = 0
configure:4306: result: yes
configure:4260: checking for stdlib.h
configure:4276: gcc -c -g -O2  conftest.c >&5
configure:4282: $? = 0
configure:4286: test -z 
			 || test ! -s conftest.err
configure:4289: $? = 0
configure:4292: test -s conftest.o
configure:4295: $? = 0
configure:4306: result: yes
configure:4260: checking for string.h
configure:4276: gcc -c -g -O2  conftest.c >&5
configure:4282: $? = 0
configure:4286: test -z 
			 || test ! -s conftest.err
configure:4289: $? = 0
configure:4292: test -s conftest.o
configure:4295: $? = 0
configure:4306: result: yes
configure:4260: checking for memory.h
configure:4276: gcc -c -g -O2  conftest.c >&5
configure:4282: $? = 0
configure:4286: test -z 
			 || test ! -s conftest.err
configure:4289: $? = 0
configure:4292: test -s conftest.o
configure:4295: $? = 0
configure:4306: result: yes
configure:4260: checking for strings.h
configure:4276: gcc -c -g -O2  conftest.c >&5
configure:4282: $? = 0
configure:4286: test -z 
			 || test ! -s conftest.err
configure:4289: $? = 0
configure:4292: test -s conftest.o
configure:4295: $? = 0
configure:4306: result: yes
configure:4260: checking for inttypes.h
configure:4276: gcc -c -g -O2  conftest.c >&5
configure:4282: $? = 0
configure:4286: test -z 
			 || test ! -s conftest.err
configure:4289: $? = 0
configure:4292: test -s conftest.o
configure:4295: $? = 0
configure:4306: result: yes
configure:4260: checking for stdint.h
configure:4276: gcc -c -g -O2  conftest.c >&5
configure:4282: $? = 0
configure:4286: test -z 
			 || test ! -s conftest.err
configure:4289: $? = 0
configure:4292: test -s conftest.o
configure:4295: $? = 0
configure:4306: result: yes
configure:4260: checking for unistd.h
configure:4276: gcc -c -g -O2  conftest.c >&5
configure:4282: $? = 0
configure:4286: test -z 
			 || test ! -s conftest.err
configure:4289: $? = 0
configure:4292: test -s conftest.o
configure:4295: $? = 0
configure:4306: result: yes
configure:4332: checking dlfcn.h usability
configure:4344: gcc -c -g -O2  conftest.c >&5
configure:4350: $? = 0
configure:4354: test -z 
			 || test ! -s conftest.err
configure:4357: $? = 0
configure:4360: test -s conftest.o
configure:4363: $? = 0
configure:4373: result: yes
configure:4377: checking dlfcn.h presence
configure:4387: gcc -E  conftest.c
configure:4393: $? = 0
configure:4413: result: yes
configure:4448: checking for dlfcn.h
configure:4455: result: yes
configure:4520: checking for g++
configure:4536: found /usr/bin/g++
configure:4546: result: g++
configure:4562: checking for C++ compiler version
configure:4565: g++ --version </dev/null >&5
g++ (GCC) 4.1.2 20080704 (Red Hat 4.1.2-50)
Copyright (C) 2006 Free Software Foundation, Inc.
This is free software; see the source for copying conditions.  There is NO
warranty; not even for MERCHANTABILITY or FITNESS FOR A PARTICULAR PURPOSE.

configure:4568: $? = 0
configure:4570: g++ -v </dev/null >&5
Using built-in specs.
Target: x86_64-redhat-linux
Configured with: ../configure --prefix=/usr --mandir=/usr/share/man --infodir=/usr/share/info --enable-shared --enable-threads=posix --enable-checking=release --with-system-zlib --enable-__cxa_atexit --disable-libunwind-exceptions --enable-libgcj-multifile --enable-languages=c,c++,objc,obj-c++,java,fortran,ada --enable-java-awt=gtk --disable-dssi --disable-plugin --with-java-home=/usr/lib/jvm/java-1.4.2-gcj-1.4.2.0/jre --with-cpu=generic --host=x86_64-redhat-linux
Thread model: posix
gcc version 4.1.2 20080704 (Red Hat 4.1.2-50)
configure:4573: $? = 0
configure:4575: g++ -V </dev/null >&5
g++: '-V' option must have argument
configure:4578: $? = 1
configure:4581: checking whether we are using the GNU C++ compiler
configure:4605: g++ -c   conftest.cc >&5
configure:4611: $? = 0
configure:4615: test -z 
			 || test ! -s conftest.err
configure:4618: $? = 0
configure:4621: test -s conftest.o
configure:4624: $? = 0
configure:4637: result: yes
configure:4643: checking whether g++ accepts -g
configure:4664: g++ -c -g  conftest.cc >&5
configure:4670: $? = 0
configure:4674: test -z 
			 || test ! -s conftest.err
configure:4677: $? = 0
configure:4680: test -s conftest.o
configure:4683: $? = 0
configure:4694: result: yes
configure:4736: g++ -c -g -O2  conftest.cc >&5
configure:4742: $? = 0
configure:4746: test -z 
			 || test ! -s conftest.err
configure:4749: $? = 0
configure:4752: test -s conftest.o
configure:4755: $? = 0
configure:4781: g++ -c -g -O2  conftest.cc >&5
conftest.cc: In function 'int main()':
conftest.cc:26: error: 'exit' was not declared in this scope
configure:4787: $? = 1
configure: failed program was:
| /* confdefs.h.  */
| 
| #define PACKAGE_NAME ""
| #define PACKAGE_TARNAME ""
| #define PACKAGE_VERSION ""
| #define PACKAGE_STRING ""
| #define PACKAGE_BUGREPORT ""
| #define PACKAGE "mod_keyauth"
| #define VERSION "1.2.1"
| #define STDC_HEADERS 1
| #define HAVE_SYS_TYPES_H 1
| #define HAVE_SYS_STAT_H 1
| #define HAVE_STDLIB_H 1
| #define HAVE_STRING_H 1
| #define HAVE_MEMORY_H 1
| #define HAVE_STRINGS_H 1
| #define HAVE_INTTYPES_H 1
| #define HAVE_STDINT_H 1
| #define HAVE_UNISTD_H 1
| #define HAVE_DLFCN_H 1
| /* end confdefs.h.  */
| 
| int
| main ()
| {
| exit (42);
|   ;
|   return 0;
| }
configure:4736: g++ -c -g -O2  conftest.cc >&5
configure:4742: $? = 0
configure:4746: test -z 
			 || test ! -s conftest.err
configure:4749: $? = 0
configure:4752: test -s conftest.o
configure:4755: $? = 0
configure:4781: g++ -c -g -O2  conftest.cc >&5
configure:4787: $? = 0
configure:4791: test -z 
			 || test ! -s conftest.err
configure:4794: $? = 0
configure:4797: test -s conftest.o
configure:4800: $? = 0
configure:4825: checking dependency style of g++
configure:4915: result: gcc3
configure:4942: checking how to run the C++ preprocessor
configure:4973: g++ -E  conftest.cc
configure:4979: $? = 0
configure:5011: g++ -E  conftest.cc
conftest.cc:25:28: error: ac_nonexistent.h: No such file or directory
configure:5017: $? = 1
configure: failed program was:
| /* confdefs.h.  */
| 
| #define PACKAGE_NAME ""
| #define PACKAGE_TARNAME ""
| #define PACKAGE_VERSION ""
| #define PACKAGE_STRING ""
| #define PACKAGE_BUGREPORT ""
| #define PACKAGE "mod_keyauth"
| #define VERSION "1.2.1"
| #define STDC_HEADERS 1
| #define HAVE_SYS_TYPES_H 1
| #define HAVE_SYS_STAT_H 1
| #define HAVE_STDLIB_H 1
| #define HAVE_STRING_H 1
| #define HAVE_MEMORY_H 1
| #define HAVE_STRINGS_H 1
| #define HAVE_INTTYPES_H 1
| #define HAVE_STDINT_H 1
| #define HAVE_UNISTD_H 1
| #define HAVE_DLFCN_H 1
| #ifdef __cplusplus
| extern "C" void std::exit (int) throw (); using std::exit;
| #endif
| /* end confdefs.h.  */
| #include <ac_nonexistent.h>
configure:5056: result: g++ -E
configure:5080: g++ -E  conftest.cc
configure:5086: $? = 0
configure:5118: g++ -E  conftest.cc
conftest.cc:25:28: error: ac_nonexistent.h: No such file or directory
configure:5124: $? = 1
configure: failed program was:
| /* confdefs.h.  */
| 
| #define PACKAGE_NAME ""
| #define PACKAGE_TARNAME ""
| #define PACKAGE_VERSION ""
| #define PACKAGE_STRING ""
| #define PACKAGE_BUGREPORT ""
| #define PACKAGE "mod_keyauth"
| #define VERSION "1.2.1"
| #define STDC_HEADERS 1
| #define HAVE_SYS_TYPES_H 1
| #define HAVE_SYS_STAT_H 1
| #define HAVE_STDLIB_H 1
| #define HAVE_STRING_H 1
| #define HAVE_MEMORY_H 1
| #define HAVE_STRINGS_H 1
| #define HAVE_INTTYPES_H 1
| #define HAVE_STDINT_H 1
| #define HAVE_UNISTD_H 1
| #define HAVE_DLFCN_H 1
| #ifdef __cplusplus
| extern "C" void std::exit (int) throw (); using std::exit;
| #endif
| /* end confdefs.h.  */
| #include <ac_nonexistent.h>
configure:5221: checking for g77
configure:5250: result: no
configure:5221: checking for f77
configure:5250: result: no
configure:5221: checking for xlf
configure:5250: result: no
configure:5221: checking for frt
configure:5250: result: no
configure:5221: checking for pgf77
configure:5250: result: no
configure:5221: checking for fort77
configure:5250: result: no
configure:5221: checking for fl32
configure:5250: result: no
configure:5221: checking for af77
configure:5250: result: no
configure:5221: checking for f90
configure:5250: result: no
configure:5221: checking for xlf90
configure:5250: result: no
configure:5221: checking for pgf90
configure:5250: result: no
configure:5221: checking for epcf90
configure:5250: result: no
configure:5221: checking for f95
configure:5250: result: no
configure:5221: checking for fort
configure:5250: result: no
configure:5221: checking for xlf95
configure:5250: result: no
configure:5221: checking for ifc
configure:5250: result: no
configure:5221: checking for efc
configure:5250: result: no
configure:5221: checking for pgf95
configure:5250: result: no
configure:5221: checking for lf95
configure:5250: result: no
configure:5221: checking for gfortran
configure:5250: result: no
configure:5262: checking for Fortran 77 compiler version
configure:5265:  --version </dev/null >&5
./configure: line 5266: --version: command not found
configure:5268: $? = 127
configure:5270:  -v </dev/null >&5
./configure: line 5271: -v: command not found
configure:5273: $? = 127
configure:5275:  -V </dev/null >&5
./configure: line 5276: -V: command not found
configure:5278: $? = 127
configure:5286: checking whether we are using the GNU Fortran 77 compiler
configure:5300:  -c  conftest.F >&5
./configure: line 5301: -c: command not found
configure:5306: $? = 127
configure: failed program was:
|       program main
| #ifndef __GNUC__
|        choke me
| #endif
| 
|       end
configure:5332: result: no
configure:5338: checking whether  accepts -g
configure:5350:  -c -g conftest.f >&5
./configure: line 5351: -c: command not found
configure:5356: $? = 127
configure: failed program was:
|       program main
| 
|       end
configure:5381: result: no
configure:5411: checking the maximum length of command line arguments
configure:5520: result: 32768
configure:5531: checking command to parse /usr/bin/nm -B output from gcc object
configure:5636: gcc -c -g -O2  conftest.c >&5
configure:5639: $? = 0
configure:5643: /usr/bin/nm -B conftest.o \| sed -n -e 's/^.*[ 	]\([ABCDGIRSTW][ABCDGIRSTW]*\)[ 	][ 	]*\([_A-Za-z][_A-Za-z0-9]*\)$/\1 \2 \2/p' \> conftest.nm
configure:5646: $? = 0
configure:5698: gcc -o conftest -g -O2   conftest.c conftstm.o >&5
configure:5701: $? = 0
configure:5739: result: ok
configure:5743: checking for objdir
configure:5758: result: .libs
configure:5848: checking for ar
configure:5864: found /usr/bin/ar
configure:5875: result: ar
configure:5928: checking for ranlib
configure:5944: found /usr/bin/ranlib
configure:5955: result: ranlib
configure:6008: checking for strip
configure:6024: found /usr/bin/strip
configure:6035: result: strip
configure:6307: checking if gcc supports -fno-rtti -fno-exceptions
configure:6325: gcc -c -g -O2  -fno-rtti -fno-exceptions conftest.c >&5
cc1: warning: command line option "-fno-rtti" is valid for C++/ObjC++ but not for C
configure:6329: $? = 0
configure:6342: result: no
configure:6357: checking for gcc option to produce PIC
configure:6567: result: -fPIC
configure:6575: checking if gcc PIC flag -fPIC works
configure:6593: gcc -c -g -O2  -fPIC -DPIC conftest.c >&5
configure:6597: $? = 0
configure:6610: result: yes
configure:6638: checking if gcc static flag -static works
configure:6666: result: yes
configure:6676: checking if gcc supports -c -o file.o
configure:6697: gcc -c -g -O2  -o out/conftest2.o conftest.c >&5
configure:6701: $? = 0
configure:6723: result: yes
configure:6749: checking whether the gcc linker (/usr/bin/ld -m elf_x86_64) supports shared libraries
configure:7707: result: yes
configure:7728: checking whether -lc should be explicitly linked in
configure:7733: gcc -c -g -O2  conftest.c >&5
configure:7736: $? = 0
configure:7751: gcc -shared conftest.o  -v -Wl,-soname -Wl,conftest -o conftest 2\>\&1 \| grep  -lc  \>/dev/null 2\>\&1
configure:7754: $? = 0
configure:7766: result: no
configure:7774: checking dynamic linker characteristics
configure:8167: gcc -c -g -O2  conftest.c >&5
configure:8170: $? = 0
configure:8383: result: GNU/Linux ld.so
configure:8392: checking how to hardcode library paths into programs
configure:8417: result: immediate
configure:8431: checking whether stripping libraries is possible
configure:8436: result: yes
configure:9270: checking if libtool supports shared libraries
configure:9272: result: yes
configure:9275: checking whether to build shared libraries
configure:9296: result: yes
configure:9299: checking whether to build static libraries
configure:9303: result: yes
configure:9395: creating libtool
configure:9986: checking for ld used by g++
configure:10053: result: /usr/bin/ld -m elf_x86_64
configure:10062: checking if the linker (/usr/bin/ld -m elf_x86_64) is GNU ld
configure:10077: result: yes
configure:10128: checking whether the g++ linker (/usr/bin/ld -m elf_x86_64) supports shared libraries
configure:11066: result: yes
configure:11084: g++ -c -g -O2  conftest.cpp >&5
configure:11087: $? = 0
configure:11206: checking for g++ option to produce PIC
configure:11480: result: -fPIC
configure:11488: checking if g++ PIC flag -fPIC works
configure:11506: g++ -c -g -O2  -fPIC -DPIC conftest.cpp >&5
configure:11510: $? = 0
configure:11523: result: yes
configure:11551: checking if g++ static flag -static works
configure:11579: result: yes
configure:11589: checking if g++ supports -c -o file.o
configure:11610: g++ -c -g -O2  -o out/conftest2.o conftest.cpp >&5
configure:11614: $? = 0
configure:11636: result: yes
configure:11662: checking whether the g++ linker (/usr/bin/ld -m elf_x86_64) supports shared libraries
configure:11687: result: yes
configure:11754: checking dynamic linker characteristics
configure:12147: g++ -c -g -O2  conftest.cpp >&5
configure:12150: $? = 0
configure:12363: result: GNU/Linux ld.so
configure:12372: checking how to hardcode library paths into programs
configure:12397: result: immediate
configure:18619: checking for Apache directory
configure:18630: result: APACHE found!
configure:18828: creating ./config.status

## ---------------------- ##
## Running config.status. ##
## ---------------------- ##

This file was extended by config.status, which was
generated by GNU Autoconf 2.59.  Invocation command line was

  CONFIG_FILES    = 
  CONFIG_HEADERS  = 
  CONFIG_LINKS    = 
  CONFIG_COMMANDS = 
  $ ./config.status 

on infn-se-03.ct.pi2s2.it

config.status:712: creating Makefile
config.status:895: executing depfiles commands

## ---------------- ##
## Cache variables. ##
## ---------------- ##

ac_cv_build=x86_64-redhat-linux-gnu
ac_cv_build_alias=x86_64-redhat-linux-gnu
ac_cv_c_compiler_gnu=yes
ac_cv_cxx_compiler_gnu=yes
ac_cv_env_CC_set=
ac_cv_env_CC_value=
ac_cv_env_CFLAGS_set=
ac_cv_env_CFLAGS_value=
ac_cv_env_CPPFLAGS_set=
ac_cv_env_CPPFLAGS_value=
ac_cv_env_CPP_set=
ac_cv_env_CPP_value=
ac_cv_env_CXXCPP_set=
ac_cv_env_CXXCPP_value=
ac_cv_env_CXXFLAGS_set=
ac_cv_env_CXXFLAGS_value=
ac_cv_env_CXX_set=
ac_cv_env_CXX_value=
ac_cv_env_F77_set=
ac_cv_env_F77_value=
ac_cv_env_FFLAGS_set=
ac_cv_env_FFLAGS_value=
ac_cv_env_LDFLAGS_set=
ac_cv_env_LDFLAGS_value=
ac_cv_env_build_alias_set=
ac_cv_env_build_alias_value=
ac_cv_env_host_alias_set=
ac_cv_env_host_alias_value=
ac_cv_env_target_alias_set=
ac_cv_env_target_alias_value=
ac_cv_exeext=
ac_cv_f77_compiler_gnu=no
ac_cv_header_dlfcn_h=yes
ac_cv_header_inttypes_h=yes
ac_cv_header_memory_h=yes
ac_cv_header_stdc=yes
ac_cv_header_stdint_h=yes
ac_cv_header_stdlib_h=yes
ac_cv_header_string_h=yes
ac_cv_header_strings_h=yes
ac_cv_header_sys_stat_h=yes
ac_cv_header_sys_types_h=yes
ac_cv_header_unistd_h=yes
ac_cv_host=x86_64-redhat-linux-gnu
ac_cv_host_alias=x86_64-redhat-linux-gnu
ac_cv_objext=o
ac_cv_path_install='/usr/bin/install -c'
ac_cv_prog_AWK=gawk
ac_cv_prog_CPP='gcc -E'
ac_cv_prog_CXXCPP='g++ -E'
ac_cv_prog_ac_ct_AR=ar
ac_cv_prog_ac_ct_CC=gcc
ac_cv_prog_ac_ct_CXX=g++
ac_cv_prog_ac_ct_RANLIB=ranlib
ac_cv_prog_ac_ct_STRIP=strip
ac_cv_prog_cc_g=yes
ac_cv_prog_cc_stdc=
ac_cv_prog_cxx_g=yes
ac_cv_prog_egrep='grep -E'
ac_cv_prog_f77_g=no
ac_cv_prog_make_make_set=yes
am_cv_CC_dependencies_compiler_type=gcc3
am_cv_CXX_dependencies_compiler_type=gcc3
lt_cv_deplibs_check_method=pass_all
lt_cv_file_magic_cmd='$MAGIC_CMD'
lt_cv_file_magic_test_file=
lt_cv_ld_reload_flag=-r
lt_cv_objdir=.libs
lt_cv_path_LD=/usr/bin/ld
lt_cv_path_LDCXX='/usr/bin/ld -m elf_x86_64'
lt_cv_path_NM='/usr/bin/nm -B'
lt_cv_path_SED=/bin/sed
lt_cv_prog_compiler_c_o=yes
lt_cv_prog_compiler_c_o_CXX=yes
lt_cv_prog_compiler_rtti_exceptions=no
lt_cv_prog_gnu_ld=yes
lt_cv_prog_gnu_ldcxx=yes
lt_cv_sys_global_symbol_pipe='sed -n -e '\''s/^.*[ 	]\([ABCDGIRSTW][ABCDGIRSTW]*\)[ 	][ 	]*\([_A-Za-z][_A-Za-z0-9]*\)$/\1 \2 \2/p'\'''
lt_cv_sys_global_symbol_to_c_name_address='sed -n -e '\''s/^: \([^ ]*\) $/  {\"\1\", (lt_ptr) 0},/p'\'' -e '\''s/^[BCDEGRST] \([^ ]*\) \([^ ]*\)$/  {"\2", (lt_ptr) \&\2},/p'\'''
lt_cv_sys_global_symbol_to_cdecl='sed -n -e '\''s/^. .* \(.*\)$/extern int \1;/p'\'''
lt_cv_sys_max_cmd_len=32768
lt_lt_cv_prog_compiler_c_o='"yes"'
lt_lt_cv_prog_compiler_c_o_CXX='"yes"'
lt_lt_cv_sys_global_symbol_pipe='"sed -n -e '\''s/^.*[ 	]\\([ABCDGIRSTW][ABCDGIRSTW]*\\)[ 	][ 	]*\\([_A-Za-z][_A-Za-z0-9]*\\)\$/\\1 \\2 \\2/p'\''"'
lt_lt_cv_sys_global_symbol_to_c_name_address='"sed -n -e '\''s/^: \\([^ ]*\\) \$/  {\\\"\\1\\\", (lt_ptr) 0},/p'\'' -e '\''s/^[BCDEGRST] \\([^ ]*\\) \\([^ ]*\\)\$/  {\"\\2\", (lt_ptr) \\&\\2},/p'\''"'
lt_lt_cv_sys_global_symbol_to_cdecl='"sed -n -e '\''s/^. .* \\(.*\\)\$/extern int \\1;/p'\''"'

## ----------------- ##
## Output variables. ##
## ----------------- ##

ACLOCAL='${SHELL} /root/org.glite.data.dpm-httpd-mod_keyauth/missing --run aclocal-1.9'
AMDEPBACKSLASH='\'
AMDEP_FALSE='#'
AMDEP_TRUE=''
AMTAR='${SHELL} /root/org.glite.data.dpm-httpd-mod_keyauth/missing --run tar'
AR='ar'
AUTOCONF='${SHELL} /root/org.glite.data.dpm-httpd-mod_keyauth/missing --run autoconf'
AUTOHEADER='${SHELL} /root/org.glite.data.dpm-httpd-mod_keyauth/missing --run autoheader'
AUTOMAKE='${SHELL} /root/org.glite.data.dpm-httpd-mod_keyauth/missing --run automake-1.9'
AWK='gawk'
CC='gcc'
CCDEPMODE='depmode=gcc3'
CFLAGS='-g -O2'
CPP='gcc -E'
CPPFLAGS=''
CXX='g++'
CXXCPP='g++ -E'
CXXDEPMODE='depmode=gcc3'
CXXFLAGS='-g -O2'
CYGPATH_W='echo'
DEFS='-DPACKAGE_NAME=\"\" -DPACKAGE_TARNAME=\"\" -DPACKAGE_VERSION=\"\" -DPACKAGE_STRING=\"\" -DPACKAGE_BUGREPORT=\"\" -DPACKAGE=\"mod_keyauth\" -DVERSION=\"1.2.1\" -DSTDC_HEADERS=1 -DHAVE_SYS_TYPES_H=1 -DHAVE_SYS_STAT_H=1 -DHAVE_STDLIB_H=1 -DHAVE_STRING_H=1 -DHAVE_MEMORY_H=1 -DHAVE_STRINGS_H=1 -DHAVE_INTTYPES_H=1 -DHAVE_STDINT_H=1 -DHAVE_UNISTD_H=1 -DHAVE_DLFCN_H=1 '
DEPDIR='.deps'
ECHO='echo'
ECHO_C=''
ECHO_N='-n'
ECHO_T=''
EGREP='grep -E'
EXEEXT=''
F77=''
FFLAGS=''
INSTALL_DATA='${INSTALL} -m 644'
INSTALL_PROGRAM='${INSTALL}'
INSTALL_SCRIPT='${INSTALL}'
INSTALL_STRIP_PROGRAM='${SHELL} $(install_sh) -c -s'
LDFLAGS=''
LIBOBJS=''
LIBS=''
LIBTOOL='$(SHELL) $(top_builddir)/libtool'
LN_S='ln -s'
LTLIBOBJS=''
MAKEINFO='${SHELL} /root/org.glite.data.dpm-httpd-mod_keyauth/missing --run makeinfo'
OBJEXT='o'
PACKAGE='mod_keyauth'
PACKAGE_BUGREPORT=''
PACKAGE_NAME=''
PACKAGE_STRING=''
PACKAGE_TARNAME=''
PACKAGE_VERSION=''
PATH_SEPARATOR=':'
RANLIB='ranlib'
SED='/bin/sed'
SET_MAKE=''
SHELL='/bin/sh'
STRIP='strip'
VERSION='1.2.1'
ac_ct_AR='ar'
ac_ct_CC='gcc'
ac_ct_CXX='g++'
ac_ct_F77=''
ac_ct_RANLIB='ranlib'
ac_ct_STRIP='strip'
am__fastdepCC_FALSE='#'
am__fastdepCC_TRUE=''
am__fastdepCXX_FALSE='#'
am__fastdepCXX_TRUE=''
am__include='include'
am__leading_dot='.'
am__quote=''
am__tar='${AMTAR} chof - "$$tardir"'
am__untar='${AMTAR} xf -'
apache_cppflags=' -DLINUX=2 -D_REENTRANT -D_GNU_SOURCE'
apache_dir='/usr'
apache_includes='-I/usr/include/httpd -I/usr/include/apr-1'
apache_ldflags='-L/usr/lib64'
apache_libs=' -lapr-1  -laprutil-1'
bindir='${exec_prefix}/bin'
build='x86_64-redhat-linux-gnu'
build_alias=''
build_cpu='x86_64'
build_os='linux-gnu'
build_vendor='redhat'
datadir='${prefix}/share'
exec_prefix='${prefix}'
host='x86_64-redhat-linux-gnu'
host_alias=''
host_cpu='x86_64'
host_os='linux-gnu'
host_vendor='redhat'
includedir='${prefix}/include'
infodir='${prefix}/info'
install_sh='/root/org.glite.data.dpm-httpd-mod_keyauth/install-sh'
libdir='${exec_prefix}/lib64/httpd/modules'
libexecdir='${exec_prefix}/libexec'
localstatedir='${prefix}/var'
mandir='${prefix}/man'
mkdir_p='mkdir -p --'
oldincludedir='/usr/include'
prefix='/usr/local'
program_transform_name='s,x,x,'
sbindir='${exec_prefix}/sbin'
sharedstatedir='${prefix}/com'
sysconfdir='${prefix}/etc'
target_alias=''

## ----------- ##
## confdefs.h. ##
## ----------- ##

#define HAVE_DLFCN_H 1
#define HAVE_INTTYPES_H 1
#define HAVE_MEMORY_H 1
#define HAVE_STDINT_H 1
#define HAVE_STDLIB_H 1
#define HAVE_STRINGS_H 1
#define HAVE_STRING_H 1
#define HAVE_SYS_STAT_H 1
#define HAVE_SYS_TYPES_H 1
#define HAVE_UNISTD_H 1
#define PACKAGE "mod_keyauth"
#define PACKAGE_BUGREPORT ""
#define PACKAGE_NAME ""
#define PACKAGE_STRING ""
#define PACKAGE_TARNAME ""
#define PACKAGE_VERSION ""
#define STDC_HEADERS 1
#define VERSION "1.2.1"
#endif
#ifdef __cplusplus
extern "C" void std::exit (int) throw (); using std::exit;

configure: exit 0
